<?xml version="1.0" encoding="UTF-8"?>
<!-- Generated by org.testng.reporters.JUnitReportReporter -->
<testsuite hostname="DESKTOP-IVPDQQL" failures="0" tests="3" name="com.testcases.TC_001_ContentValidation" time="79.859" errors="0" timestamp="2024-03-03T12:30:04 IST" skipped="0">
  <testcase classname="com.testcases.TC_001_ContentValidation" name="loginpageTest" time="8.131"/>
  <testcase classname="com.testcases.TC_001_ContentValidation" name="addContentTest" time="50.551"/>
  <testcase classname="com.testcases.TC_001_ContentValidation" name="clickOnContentMangementTest" time="21.177"/>
  <system-out>
    <![CDATA[suite level execution started
suite level execution started
testlevel execution
testlevel execution]]>
  </system-out>
</testsuite> <!-- com.testcases.TC_001_ContentValidation -->
