<?xml version="1.0" encoding="UTF-8"?>
<!-- Generated by org.testng.reporters.JUnitReportReporter -->
<testsuite hostname="DESKTOP-IVPDQQL" failures="0" tests="3" name="com.testcases.TC_001_ContentValidation" time="85.247" errors="0" timestamp="2024-02-29T13:49:33 IST" skipped="0">
  <testcase classname="com.testcases.TC_001_ContentValidation" name="clickOnContentMangementTest" time="23.844"/>
  <testcase classname="com.testcases.TC_001_ContentValidation" name="loginpageTest" time="7.675"/>
  <testcase classname="com.testcases.TC_001_ContentValidation" name="addContentTest" time="53.728"/>
  <system-out>
    <![CDATA[suite level execution started
testlevel execution]]>
  </system-out>
</testsuite> <!-- com.testcases.TC_001_ContentValidation -->
