<?xml version="1.0" encoding="UTF-8"?>
<!-- Generated by org.testng.reporters.JUnitReportReporter -->
<testsuite hostname="DESKTOP-IVPDQQL" failures="0" tests="1" name="com.testcases.TC_002_ValidateOtp" time="20.437" errors="0" timestamp="2024-03-03T12:30:04 IST" skipped="0">
  <testcase classname="com.testcases.TC_002_ValidateOtp" name="validateOtp" time="20.437"/>
  <system-out>
    <![CDATA[suite level execution started
suite level execution started
testlevel execution
testlevel execution]]>
  </system-out>
</testsuite> <!-- com.testcases.TC_002_ValidateOtp -->
